
> backend-hrm8@1.0.0 start
> tsx src/server.ts

node:net:1917
      const error = new UVExceptionWithHostPort(rval, 'listen', address, port);
                    ^

Error: listen EPERM: operation not permitted /var/folders/gp/7_n700m15hb1jhgqzjfrs7b00000gn/T/tsx-501/4503.pipe
    at Server.setupListenHandle [as _listen2] (node:net:1917:21)
    at listenInCluster (node:net:1996:12)
    at Server.listen (node:net:2118:5)
    at file:///Users/abhishekverma/Desktop/Cluster/Projects/hrm8-new/backend-template/node_modules/.pnpm/tsx@4.21.0/node_modules/tsx/dist/cli.mjs:53:31537
    at new Promise (<anonymous>)
    at createIpcServer (file:///Users/abhishekverma/Desktop/Cluster/Projects/hrm8-new/backend-template/node_modules/.pnpm/tsx@4.21.0/node_modules/tsx/dist/cli.mjs:53:31515)
    at async file:///Users/abhishekverma/Desktop/Cluster/Projects/hrm8-new/backend-template/node_modules/.pnpm/tsx@4.21.0/node_modules/tsx/dist/cli.mjs:55:459 {
  code: 'EPERM',
  errno: -1,
  syscall: 'listen',
  address: '/var/folders/gp/7_n700m15hb1jhgqzjfrs7b00000gn/T/tsx-501/4503.pipe',
  port: -1
}

Node.js v22.16.0
